2025-07-02 15:29:03,164 - Starting Traffic Processing Pipeline
2025-07-02 15:29:03,164 - Config Grasper: Reading configuration
2025-07-02 15:29:03,165 - PF Ring Capture: Capturing packet 0
2025-07-02 15:29:03,165 - PF Ring Capture: Capturing packet 1
2025-07-02 15:29:03,165 - PF Ring Capture: Capturing packet 2
2025-07-02 15:29:03,166 - PF Ring Capture: Capturing packet 3
2025-07-02 15:29:03,166 - PF Ring Capture: Capturing packet 4
2025-07-02 15:29:03,166 - PF Ring Capture: Capturing packet 9
2025-07-02 15:29:03,166 - PF Ring Capture: Capturing packet 6
2025-07-02 15:29:03,166 - PF Ring Capture: Capturing packet 7
2025-07-02 15:29:03,166 - PF Ring Capture: Capturing packet 8
2025-07-02 15:29:03,166 - PF Ring Capture: Capturing packet 5
2025-07-02 15:29:03,167 - Decapsulation: Processing packet 0, protocol udp
2025-07-02 15:29:03,168 - Decapsulation: Processing packet 1, protocol udp
2025-07-02 15:29:03,168 - Decapsulation: Processing packet 2, protocol icmp
2025-07-02 15:29:03,168 - Decapsulation: Processing packet 3, protocol udp
2025-07-02 15:29:03,168 - Decapsulation: Processing packet 4, protocol icmp
2025-07-02 15:29:03,168 - Decapsulation: Processing packet 9, protocol igmp
2025-07-02 15:29:03,168 - Vuurmuur Basic Filter: Processing packet 1, protocol udp
2025-07-02 15:29:03,168 - Decapsulation: Processing packet 6, protocol udp
2025-07-02 15:29:03,168 - Vuurmuur Basic Filter: Processing packet 2, protocol icmp
2025-07-02 15:29:03,169 - Decapsulation: Processing packet 7, protocol udp
2025-07-02 15:29:03,169 - Decapsulation: Processing packet 8, protocol igmp
2025-07-02 15:29:03,169 - Vuurmuur Basic Filter: Processing packet 3, protocol udp
2025-07-02 15:29:03,169 - Vuurmuur Basic Filter: Processing packet 4, protocol icmp
2025-07-02 15:29:03,169 - Vuurmuur Basic Filter: Processing packet 9, protocol igmp
2025-07-02 15:29:03,169 - Decapsulation: Processing packet 5, protocol igmp
2025-07-02 15:29:03,170 - Vuurmuur Basic Filter: Processing packet 7, protocol udp
2025-07-02 15:29:03,170 - Vuurmuur Basic Filter: Processing packet 8, protocol igmp
2025-07-02 15:29:03,170 - Vuurmuur Basic Filter: Dropping packet 8
2025-07-02 15:29:03,170 - Vuurmuur Basic Filter: Dropping packet 9
2025-07-02 15:29:03,172 - Vuurmuur App-Aware: Processing packet 1, app None
2025-07-02 15:29:03,172 - Vuurmuur App-Aware: Processing packet 3, app None
2025-07-02 15:29:03,173 - Vuurmuur App-Aware: Processing packet 7, app None
2025-07-02 15:29:03,173 - Tunneling: Processing packet 1
2025-07-02 15:29:03,174 - Tunneling: Processing packet 3
2025-07-02 15:29:03,174 - Tunneling: Processing packet 7
2025-07-02 15:29:03,174 - FRR Routing: Processing packet 1
2025-07-02 15:29:03,175 - FRR Routing: Processing packet 3
2025-07-02 15:29:03,175 - FRR Routing: Processing packet 7
2025-07-02 15:29:03,176 - Compression: Processing packet 1
2025-07-02 15:29:03,176 - Compression: Processing packet 3
2025-07-02 15:29:03,176 - Compression: Processing packet 7
2025-07-02 15:29:03,178 - RAPTORQ Encoding: Processing packet 1
2025-07-02 15:29:03,179 - RAPTORQ Encoding: Processing packet 3
2025-07-02 15:29:03,179 - RAPTORQ Encoding: Processing packet 7
2025-07-02 15:29:03,180 - QoS Policies: Processing packet 1
2025-07-02 15:29:03,180 - QoS Policies: Processing packet 3
2025-07-02 15:29:03,180 - QoS Policies: Processing packet 7
2025-07-02 15:29:03,180 - Linux TC Shaping: Processing packet 1
2025-07-02 15:29:03,181 - Executing TC command: tc qdisc add dev eth1 root handle 1: htb default 10
2025-07-02 15:29:03,181 - Executing TC command: tc class add dev eth1 parent 1: classid 1:1 htb rate 100mbit ceil 100mbit
2025-07-02 15:29:03,181 - Executing TC command: tc class add dev eth1 parent 1:1 classid 1:10 htb rate 50mbit ceil 100mbit prio 0
2025-07-02 15:29:03,181 - Executing TC command: tc class add dev eth1 parent 1:1 classid 1:20 htb rate 30mbit ceil 50mbit prio 1
2025-07-02 15:29:03,181 - Executing TC command: tc class add dev eth1 parent 1:1 classid 1:30 htb rate 10mbit ceil 20mbit prio 2
2025-07-02 15:29:03,181 - Executing TC command: tc qdisc add dev eth1 parent 1:10 handle 10: sfq perturb 10
2025-07-02 15:29:03,181 - WAN Output: Sending packet 2
2025-07-02 15:29:03,181 - Executing TC command: tc qdisc add dev eth1 parent 1:20 handle 20: sfq perturb 10
2025-07-02 15:29:03,182 - WAN Output: Sending packet 4
2025-07-02 15:29:03,182 - Receiver: Processing packet 2
2025-07-02 15:29:03,182 - Executing TC command: tc qdisc add dev eth1 parent 1:30 handle 30: sfq perturb 10
2025-07-02 15:29:03,182 - Receiver: Processing packet 4
2025-07-02 15:29:03,183 - Decode & Decompress: Processing packet 2
2025-07-02 15:29:03,183 - Executing TC command: tc filter add dev eth1 protocol ip parent 1:0 prio 0 u32 match ip dport 80 0xffff flowid 1:10
2025-07-02 15:29:03,183 - Decode & Decompress: Processing packet 4
2025-07-02 15:29:03,184 - Executing TC command: tc filter add dev eth1 protocol ip parent 1:0 prio 1 u32 match ip sport 5060 0xffff flowid 1:20
2025-07-02 15:29:03,184 - Executing TC command: tc filter add dev eth1 protocol ip parent 1:0 prio 2 u32 match ip dport 21 0xffff flowid 1:30
2025-07-02 15:29:03,184 - Linux TC Shaping: Processing packet 3
2025-07-02 15:29:03,184 - Error Handling: Processing packet 2
2025-07-02 15:29:03,184 - WAN Output: Sending packet 1
2025-07-02 15:29:03,184 - Executing TC command: tc qdisc add dev eth1 root handle 1: htb default 10
2025-07-02 15:29:03,184 - Error Handling: Processing packet 4
2025-07-02 15:29:03,185 - Receiver: Processing packet 1
2025-07-02 15:29:03,185 - Executing TC command: tc class add dev eth1 parent 1: classid 1:1 htb rate 100mbit ceil 100mbit
2025-07-02 15:29:03,185 - Forward to Destination: Processing packet 2
2025-07-02 15:29:03,185 - Decode & Decompress: Processing packet 1
2025-07-02 15:29:03,185 - Executing TC command: tc class add dev eth1 parent 1:1 classid 1:10 htb rate 50mbit ceil 100mbit prio 0
2025-07-02 15:29:03,185 - Forward to Destination: Processing packet 4
2025-07-02 15:29:03,186 - Error Handling: Processing packet 1
2025-07-02 15:29:03,186 - Executing TC command: tc class add dev eth1 parent 1:1 classid 1:20 htb rate 30mbit ceil 50mbit prio 1
2025-07-02 15:29:03,186 - Forward to Destination: Processing packet 1
2025-07-02 15:29:03,186 - Executing TC command: tc class add dev eth1 parent 1:1 classid 1:30 htb rate 10mbit ceil 20mbit prio 2
2025-07-02 15:29:03,186 - Executing TC command: tc qdisc add dev eth1 parent 1:10 handle 10: sfq perturb 10
2025-07-02 15:29:03,186 - Executing TC command: tc qdisc add dev eth1 parent 1:20 handle 20: sfq perturb 10
2025-07-02 15:29:03,186 - Executing TC command: tc qdisc add dev eth1 parent 1:30 handle 30: sfq perturb 10
2025-07-02 15:29:03,186 - Executing TC command: tc filter add dev eth1 protocol ip parent 1:0 prio 0 u32 match ip dport 80 0xffff flowid 1:10
2025-07-02 15:29:03,186 - Executing TC command: tc filter add dev eth1 protocol ip parent 1:0 prio 1 u32 match ip sport 5060 0xffff flowid 1:20
2025-07-02 15:29:03,186 - Executing TC command: tc filter add dev eth1 protocol ip parent 1:0 prio 2 u32 match ip dport 21 0xffff flowid 1:30
2025-07-02 15:29:03,186 - Linux TC Shaping: Processing packet 7
2025-07-02 15:29:03,186 - WAN Output: Sending packet 3
2025-07-02 15:29:03,186 - Executing TC command: tc qdisc add dev eth1 root handle 1: htb default 10
2025-07-02 15:29:03,186 - Receiver: Processing packet 3
2025-07-02 15:29:03,186 - Executing TC command: tc class add dev eth1 parent 1: classid 1:1 htb rate 100mbit ceil 100mbit
2025-07-02 15:29:03,186 - Decode & Decompress: Processing packet 3
2025-07-02 15:29:03,186 - Executing TC command: tc class add dev eth1 parent 1:1 classid 1:10 htb rate 50mbit ceil 100mbit prio 0
2025-07-02 15:29:03,187 - Error Handling: Processing packet 3
2025-07-02 15:29:03,187 - Executing TC command: tc class add dev eth1 parent 1:1 classid 1:20 htb rate 30mbit ceil 50mbit prio 1
2025-07-02 15:29:03,187 - Forward to Destination: Processing packet 3
2025-07-02 15:29:03,187 - Executing TC command: tc class add dev eth1 parent 1:1 classid 1:30 htb rate 10mbit ceil 20mbit prio 2
2025-07-02 15:29:03,187 - Executing TC command: tc qdisc add dev eth1 parent 1:10 handle 10: sfq perturb 10
2025-07-02 15:29:03,187 - Executing TC command: tc qdisc add dev eth1 parent 1:20 handle 20: sfq perturb 10
2025-07-02 15:29:03,187 - Executing TC command: tc qdisc add dev eth1 parent 1:30 handle 30: sfq perturb 10
2025-07-02 15:29:03,187 - Executing TC command: tc filter add dev eth1 protocol ip parent 1:0 prio 0 u32 match ip dport 80 0xffff flowid 1:10
2025-07-02 15:29:03,187 - Executing TC command: tc filter add dev eth1 protocol ip parent 1:0 prio 1 u32 match ip sport 5060 0xffff flowid 1:20
2025-07-02 15:29:03,187 - Executing TC command: tc filter add dev eth1 protocol ip parent 1:0 prio 2 u32 match ip dport 21 0xffff flowid 1:30
2025-07-02 15:29:03,187 - WAN Output: Sending packet 7
2025-07-02 15:29:03,187 - Receiver: Processing packet 7
2025-07-02 15:29:03,187 - Decode & Decompress: Processing packet 7
2025-07-02 15:29:03,187 - Error Handling: Processing packet 7
2025-07-02 15:29:03,188 - Forward to Destination: Processing packet 7
2025-07-02 15:29:03,488 - Pipeline processing complete
